[0mGET / [32m200 [0m368.417 ms - 305[0m
[0mGET /sdd [33m404 [0m344.771 ms - 142[0m
[0mGET / [32m200 [0m14.548 ms - 43[0m
[0mGET / [32m200 [0m350.505 ms - 305[0m
[0mGET / [32m200 [0m9.119 ms - 43[0m
[0mGET /register [32m200 [0m390.693 ms - 561[0m
[0mGET /favicon.ico [33m404 [0m1607.626 ms - 150[0m
[0mGET /register [36m304 [0m307.349 ms - -[0m
[0mGET /register [32m200 [0m1037.284 ms - 567[0m
[0mGET /register [36m304 [0m32623.494 ms - -[0m
[0mPOST /register [32m200 [0m633.101 ms - 8[0m
[0mGET /register [32m200 [0m15.752 ms - 567[0m
[0mGET /register [36m304 [0m2.938 ms - -[0m
[0mPOST /register [32m200 [0m27.188 ms - 8[0m
[0mGET /register [32m200 [0m14.342 ms - 567[0m
[0mPOST /register [31m500 [0m25.963 ms - 1731[0m
[0mPOST /register [32m200 [0m28.396 ms - 8[0m
[0mGET /register [32m200 [0m12.981 ms - 567[0m
[0mPOST /register [32m200 [0m34.383 ms - 8[0m
[0mGET /register [32m200 [0m14.397 ms - 567[0m
[0mPOST /register [32m200 [0m38.460 ms - 8[0m
[0mGET /register [32m200 [0m14.905 ms - 567[0m
[0mPOST /register [32m200 [0m31.249 ms - 8[0m
[0mGET /register [32m200 [0m15.725 ms - 567[0m
[0mPOST /register [32m200 [0m28.825 ms - 8[0m
[0mGET /register [32m200 [0m14.483 ms - 567[0m
[0mPOST /register [32m200 [0m31.751 ms - 8[0m
[0mGET /register [32m200 [0m12.678 ms - 567[0m
[0mPOST /register [32m200 [0m32.059 ms - 8[0m
[0mGET /register [32m200 [0m12.976 ms - 567[0m
[0mPOST /register [0m- [0m- ms - -[0m
[0mPOST /register [0m- [0m- ms - -[0m
[0mGET / [36m304 [0m5.879 ms - -[0m
[0mGET /register [36m304 [0m317.546 ms - -[0m
[0mPOST /register [32m200 [0m662.203 ms - 8[0m
[0mGET /login [32m200 [0m11.614 ms - 495[0m
[0mGET / [36m304 [0m6.347 ms - -[0m
[0mPOST /login [0m- [0m- ms - -[0m
[0mGET / [32m200 [0m1.018 ms - 43[0m
[0mGET /login [36m304 [0m304.907 ms - -[0m
[0mPOST /login [0m- [0m- ms - -[0m
[0mGET /login [36m304 [0m309.785 ms - -[0m
[0mPOST /login [0m- [0m- ms - -[0m
[0mGET /login [36m304 [0m319.716 ms - -[0m
[0mPOST /login [0m- [0m- ms - -[0m
[0mGET /login [36m304 [0m321.844 ms - -[0m
[0mGET /login [36m304 [0m315.418 ms - -[0m
[0mGET /login [36m304 [0m44832.820 ms - -[0m
[0mGET /register [32m200 [0m25322.469 ms - 567[0m
[0mGET /login [36m304 [0m18.607 ms - -[0m
[0mGET /login [36m304 [0m14.438 ms - -[0m
[0mGET /login [36m304 [0m15.610 ms - -[0m
[0mPOST /login [0m- [0m- ms - -[0m
[0mGET /login [36m304 [0m19.046 ms - -[0m
[0mPOST /login [0m- [0m- ms - -[0m
[0mGET /login [36m304 [0m19.470 ms - -[0m
[0mPOST /login [0m- [0m- ms - -[0m
[0mPOST /login [0m- [0m- ms - -[0m
[0mGET /login [36m304 [0m19.021 ms - -[0m
[0mGET /login [36m304 [0m19.275 ms - -[0m
[0mPOST /login [36m302 [0m373.533 ms - 56[0m
[0mGET /login [32m200 [0m1.694 ms - 495[0m
[0mPOST /login [36m302 [0m308.346 ms - 56[0m
[0mGET /login [32m200 [0m1.192 ms - 495[0m
[0mGET /register [32m200 [0m19.366 ms - 567[0m
[0mPOST /register [32m200 [0m21004.373 ms - 8[0m
[0mGET /login [36m304 [0m3.999 ms - -[0m
[0mPOST /login [36m302 [0m325.836 ms - 56[0m
[0mGET /login [32m200 [0m1.193 ms - 495[0m
[0mPOST /login [36m302 [0m349.017 ms - 56[0m
[0mGET /login [32m200 [0m12.965 ms - 495[0m
[0mGET /login [36m304 [0m19.339 ms - -[0m
[0mPOST /login [36m302 [0m345.199 ms - 56[0m
[0mGET /error [32m200 [0m2.384 ms - 254[0m
[0mGET /login [32m200 [0m152.875 ms - 495[0m
[0mGET /favicon.ico [33m404 [0m2.435 ms - 150[0m
[0mPOST /login [0m- [0m- ms - -[0m
[0mGET /login [36m304 [0m18.605 ms - -[0m
[0mPOST /login [0m- [0m- ms - -[0m
[0mGET /login [36m304 [0m20.718 ms - -[0m
[0mPOST /login [36m302 [0m926.159 ms - 46[0m
[0mGET / [32m200 [0m2.374 ms - 43[0m
[0mGET / [32m200 [0m302.432 ms - 305[0m
[0mGET / [32m200 [0m2676.562 ms - 305[0m
[0mGET /login [32m200 [0m319.497 ms - 495[0m
[0mPOST /login [36m302 [0m1337.116 ms - 46[0m
[0mGET / [32m200 [0m304.865 ms - 349[0m
[0mGET /logout [36m302 [0m304.289 ms - 56[0m
[0mGET /login [32m200 [0m303.162 ms - 495[0m
[0mPOST /login [36m302 [0m770.454 ms - 46[0m
[0mGET / [32m200 [0m301.127 ms - 43[0m
[0mGET / [32m200 [0m1028.873 ms - 349[0m
[0mGET /logout [36m302 [0m1397.116 ms - 56[0m
[0mGET /login [32m200 [0m402.533 ms - 495[0m
[0mGET /login [32m200 [0m28.846 ms - 495[0m
[0mGET /favicon.ico [33m404 [0m2.320 ms - 150[0m
[0mPOST /login [36m302 [0m423.327 ms - 46[0m
[0mGET / [32m200 [0m2.214 ms - 43[0m
[0mGET / [32m200 [0m355.204 ms - 349[0m
[0mGET /login [32m200 [0m3.165 ms - 495[0m
[0mGET /favicon.ico [33m404 [0m1.080 ms - 150[0m
[0mGET /favicon.ico [33m404 [0m0.877 ms - 150[0m
[0mPOST /login [36m302 [0m315.345 ms - 46[0m
[0mGET / [32m200 [0m0.739 ms - 43[0m
[0mGET / [36m304 [0m2.700 ms - -[0m
[0mGET /favicon.ico [33m404 [0m324.675 ms - 150[0m
[0mGET / [32m200 [0m7.628 ms - 43[0m
[0mGET /login [32m200 [0m361.436 ms - 495[0m
[0mPOST /login [0m- [0m- ms - -[0m
[0mGET /login [32m200 [0m366.674 ms - 495[0m
[0mPOST /login [36m302 [0m741.698 ms - 46[0m
[0mGET / [32m200 [0m351.611 ms - 43[0m
[0mGET / [33m404 [0m426.338 ms - 56[0m
[0mGET / [33m404 [0m369.361 ms - 56[0m
[0mGET / [33m404 [0m397.943 ms - 56[0m
[0mGET / [33m404 [0m394.945 ms - 56[0m
[0mGET / [33m404 [0m402.456 ms - 56[0m
[0mGET / [33m404 [0m432.278 ms - 56[0m
[0mGET /login [32m200 [0m398.920 ms - 495[0m
[0mGET / [33m404 [0m3.701 ms - 56[0m
[0mGET /favicon.ico [33m404 [0m3.141 ms - 150[0m
[0mGET /register [32m200 [0m2.101 ms - 567[0m
[0mGET / [33m404 [0m1.272 ms - 56[0m
[0mGET / [33m404 [0m365.098 ms - 56[0m
[0mGET /login [36m304 [0m348.832 ms - -[0m
[0mPOST /login [36m302 [0m732.601 ms - 46[0m
[0mGET / [33m404 [0m354.160 ms - 56[0m
[0mGET /login [32m200 [0m971.729 ms - 495[0m
[0mPOST /login [33m404 [0m696.255 ms - 16[0m
[0mGET / [33m404 [0m373.311 ms - 56[0m
[0mGET /login [36m304 [0m359.146 ms - -[0m
[0mPOST /login [0m- [0m- ms - -[0m
[0mGET /login [36m304 [0m375.304 ms - -[0m
[0mPOST /login [33m404 [0m3554.032 ms - 14[0m
[0mGET /login [36m304 [0m363.428 ms - -[0m
[0mPOST /login [33m404 [0m355.662 ms - 14[0m
[0mPOST /login [33m404 [0m348.088 ms - 14[0m
[0mGET / [33m404 [0m346.527 ms - 56[0m
[0mGET / [33m404 [0m357.026 ms - 56[0m
[0mGET /login [36m304 [0m356.304 ms - -[0m
[0mPOST /login [36m302 [0m744.361 ms - 46[0m
[0mGET / [33m404 [0m354.265 ms - 56[0m
[0mGET / [33m404 [0m355.357 ms - 56[0m
[0mGET / [33m404 [0m347.570 ms - 56[0m
[0mGET / [33m404 [0m341.229 ms - 56[0m
[0mGET / [33m404 [0m352.826 ms - 56[0m
[0mGET / [32m200 [0m365.802 ms - 349[0m
[0mGET /logout [36m302 [0m363.980 ms - 56[0m
[0mGET /login [32m200 [0m348.656 ms - 495[0m
[0mGET / [32m200 [0m353.983 ms - 43[0m
[0mGET / [32m200 [0m347.010 ms - 349[0m
[0mGET / [32m200 [0m354.425 ms - 349[0m
[0mGET /logout [36m302 [0m349.073 ms - 56[0m
[0mGET /login [36m304 [0m357.800 ms - -[0m
[0mGET / [32m200 [0m0.923 ms - 43[0m
[0mGET / [32m200 [0m391.313 ms - 349[0m
[0mGET / [36m304 [0m377.123 ms - -[0m
[0mGET / [36m304 [0m365.842 ms - -[0m
[0mGET / [36m304 [0m367.983 ms - -[0m
[0mGET / [36m304 [0m372.955 ms - -[0m
[0mGET / [36m304 [0m376.256 ms - -[0m
[0mGET / [36m304 [0m379.889 ms - -[0m
[0mGET /login [36m304 [0m345.467 ms - -[0m
[0mGET / [36m304 [0m342.282 ms - -[0m
[0mPOST /login [36m302 [0m745.509 ms - 46[0m
[0mGET /login [32m200 [0m356.347 ms - 495[0m
[0mPOST /login [36m302 [0m708.043 ms - 56[0m
[0mGET /login [32m200 [0m337.191 ms - 495[0m
[0mGET /login [36m304 [0m399.292 ms - -[0m
[0mGET /login [36m304 [0m391.135 ms - -[0m
[0mPOST /login [36m302 [0m787.639 ms - 46[0m
[0mGET / [36m304 [0m369.616 ms - -[0m
[0mGET /logout [36m302 [0m393.284 ms - 56[0m
[0mGET /login [32m200 [0m1817.739 ms - 495[0m
[0mPOST /login [36m302 [0m734.781 ms - 56[0m
[0mGET /login [32m200 [0m345.047 ms - 495[0m
[0mPOST /login [36m302 [0m763.540 ms - 56[0m
[0mGET /login [32m200 [0m345.793 ms - 495[0m
[0mGET / [36m304 [0m346.280 ms - -[0m
[0mPOST /login [36m302 [0m718.983 ms - 46[0m
[0mGET / [36m304 [0m344.935 ms - -[0m
[0mGET / [36m304 [0m357.060 ms - -[0m
[0mGET /login [32m200 [0m360.016 ms - 495[0m
[0mPOST /login [33m404 [0m761.106 ms - 14[0m
[0mPOST /login [36m302 [0m829.621 ms - 46[0m
[0mGET / [36m304 [0m520.822 ms - -[0m
[0mGET /login [32m200 [0m327.279 ms - 495[0m
[0mGET / [36m304 [0m368.568 ms - -[0m
[0mGET / [32m200 [0m360.101 ms - 43[0m
[0mGET /login [36m304 [0m351.884 ms - -[0m
[0mPOST /login [36m302 [0m748.894 ms - 46[0m
[0mGET / [32m200 [0m336.914 ms - 349[0m
[0mGET /logout [36m302 [0m342.123 ms - 56[0m
[0mGET /login [32m200 [0m350.985 ms - 495[0m
[0mGET /login [32m200 [0m278.819 ms - 495[0m
[0mGET /loginfb [32m200 [0m5.245 ms - 0[0m
[0mGET /favicon.ico [33m404 [0m2.222 ms - 150[0m
[0mGET /loginfb [32m200 [0m169.705 ms - 375[0m
[0mGET /fblogin [33m404 [0m11.657 ms - 146[0m
[0mGET /login [36m304 [0m16.724 ms - -[0m
[0mGET /loginfb [36m304 [0m2.243 ms - -[0m
[0mGET /auth/fb [36m302 [0m2.070 ms - 0[0m
[0mGET /auth/fb [36m302 [0m1.043 ms - 0[0m
[0mGET /auth/fb/cb?error_code=1349048&error_message=Can%27t+load+URL%3A+The+domain+of+this+URL+isn%27t+included+in+the+app%27s+domains.+To+be+able+to+load+this+URL%2C+add+all+domains+and+sub-domains+of+your+app+to+the+App+Domains+field+in+your+app+settings. [33m404 [0m1.887 ms - 285[0m
[0mGET /auth/fb/cb?code=AQBvmFFz_dEnLmvdRl4Z5G-oSL37xYBrqHTiE2AvTvdJWx5h_ypq4o9Aba9Vrn5ru8NJ9hMrs4r85Br-tFlLjwGFD5Mpbs-5d-BxAYTizlPRtYhu5MVV7XZoKhdftk9KiikScoYj3KHn0TknuR89R5qpitrZ_AqZRFvfttgSRPYJW2mWvvIIFOtmZ2Q9xVQZVV8DVl4G7Lk5JhLCTlW0KIydaNeCwOLsqDUeXf1Sxaq0NAEylqKRJKeGnCSrHgsgF1Xx7kUZ8H9_piKhdLPb3iDTqFX7FZsTySfpFN8pndVfOtQEeQd96Okgj2v5afeEZOaPAuMcImJ8ldS47H7A3C2I [0m- [0m- ms - -[0m
[0mGET /auth/fb [36m302 [0m1.195 ms - 0[0m
[0mGET /auth/fb/cb?code=AQBejNWWZeaQ2PZnf9reGtnWON5UjeVLsNqzVwoA5rlZxGREhDDdrU6dvlMQeDwbL491RH8FfXvRuZZZqO0mAPtFGhCijLjaPycZjdCoBMxRMCHdClD4ci2Roc8MRe23eKJ3GUW_CCZRz_89CfBH2jiu1lYLLFx_2rfEJ5hFBpE5ryJnaLeQhf_NF5Nv_E2JoBMOxDPl-eBlRxzXvfx-k9m1e2lKnk-xaSyAz2mC3c_hytQLrNIXwNF9Nbq33fGNNpENm14wdyCC_Lz4yo6Gzz3nlz7VwXbc4d96ibkAScMl-LBW2Y1AS2uPOKgCMMRL8-pTICa9_riB3Jg__F0oHhld [0m- [0m- ms - -[0m
[0mGET /auth/fb/cb?code=AQBejNWWZeaQ2PZnf9reGtnWON5UjeVLsNqzVwoA5rlZxGREhDDdrU6dvlMQeDwbL491RH8FfXvRuZZZqO0mAPtFGhCijLjaPycZjdCoBMxRMCHdClD4ci2Roc8MRe23eKJ3GUW_CCZRz_89CfBH2jiu1lYLLFx_2rfEJ5hFBpE5ryJnaLeQhf_NF5Nv_E2JoBMOxDPl-eBlRxzXvfx-k9m1e2lKnk-xaSyAz2mC3c_hytQLrNIXwNF9Nbq33fGNNpENm14wdyCC_Lz4yo6Gzz3nlz7VwXbc4d96ibkAScMl-LBW2Y1AS2uPOKgCMMRL8-pTICa9_riB3Jg__F0oHhld [33m404 [0m312.655 ms - 164[0m
[0mGET /login [36m304 [0m1.503 ms - -[0m
[0mGET /loginfb [36m304 [0m1.392 ms - -[0m
[0mGET /auth/fb [36m302 [0m1.131 ms - 0[0m
[0mGET /auth/fb/cb?code=AQDEUjZnthkG7BhPxgNYS1VeDwxaTJLg4vjTqXC_hjvNR3u1bUF8ZnXGqqfIAx3Qbe-3sPjjkoIxMFH-sAs9KrIvwGkwuvaMYvmYE4Jk5JWPDicgOzx5jbYDgxukM9mKC8YyCtJZxEuSBjRrTOfolVvpM7Rn5aHdJzsxeOz1GurrHvZ_gf8hLlPj1Vpt0rWXEGMZeXzvnD6ThQ5_F-kVT-YcK5HRv1jWOcnuFFTXdH1K-5KmkIf2twp9f7KL5VzsGeLnUTdNMs_6myCGmExJuzkT52008b-QNyJVfVY46idIoJE8P8UEX-ZaOfx8-bH2UMXRCUDqkJHuZlpe-AhxxhAL [0m- [0m- ms - -[0m
[0mGET /loginfb [36m304 [0m18.210 ms - -[0m
[0mGET /auth/fb [36m302 [0m3.488 ms - 0[0m
[0mGET /auth/fb/cb?code=AQCqLnsiwubzn9T-ecFGfdEUnoY9Iuk0d7_kHCZcqbRp7RDHgMbdkZ11xHwX9hGd7ao7c492j8ePK_sVAvTqARYzAX7blM55ME3AhdNb3Kwa7O4JqPWl6En_Y3mlMWMjrVoachM1eCQi4ZFqVHNZ2FAjAJA8JfhkJ_ziMbydi5P7whEBeTCAA3YncR7c8vgV1s5HN_W2399r2uOabpcJN20iLT0rmJiTaOcPIwyJjbw3d0idCevm0rld_YKXGwLZ7wcKIrFVVHiOG8qm6JK7mWe3PsGirLwSa9Cg5edqxWAMZ8HCYVZ4v6ZPQFfz3mRN-OHv4h9qjMYh76e1xFGBy_0e [36m302 [0m777.752 ms - 46[0m
[0mGET / [33m404 [0m329.088 ms - 183[0m
[0mGET /login [33m404 [0m359.608 ms - 183[0m
[0mGET /loginfb [33m404 [0m340.881 ms - 183[0m
[0mGET /loginfb [33m404 [0m386.576 ms - 183[0m
[0mGET /loginfb [32m200 [0m10.190 ms - 375[0m
[0mGET /favicon.ico [33m404 [0m2.547 ms - 150[0m
[0mGET /auth/fb [36m302 [0m1.795 ms - 0[0m
[0mGET /auth/fb/cb?code=AQC4yppp6a5_7Al2XR3-9iBFYYst8ruqy7qg5WSIvoi3a8DSlU3snBEmJDMzFLoLK4vSuzLt4EJjNz9Utvy8h7phzypQFB6_ASffelIEVRBhhbOcg91XfEFuK0bELg1I5RF5L0eXn-Og6gXlpe5qBgKY6vcmv2Bu5PYvAdgMR9VQbu0MR1k7p52tSsx69obedwP0j4FnX16MWiUkASggNG2mAb6phKT2wLjkyLxD_XyvxnThpRIk8lPFKrWWFRHpdXfgjDcWw6CFaA4g4O9SwbEhwx4jW_q1n4SE0LWfpEop1A0Tvk_93i6qPNrp_3xR9729GWX6tvWDc5vs2aGkIH6n [36m302 [0m1339.895 ms - 46[0m
[0mGET / [36m304 [0m2.916 ms - -[0m
[0mGET /logout [36m302 [0m552.449 ms - 56[0m
[0mGET /login [36m304 [0m357.019 ms - -[0m
[0mGET /login [32m200 [0m1.408 ms - 495[0m
[0mGET /logout [36m302 [0m0.852 ms - 56[0m
[0mGET /loginfb [32m200 [0m2.453 ms - 375[0m
[0mGET /auth/fb [36m302 [0m0.911 ms - 0[0m
[0mGET /auth/fb/cb?code=AQCtOIzgvq1sIwJ6T5ikU6RNrtzDBJJ8L3kX9B0r5OvtrC9gV9H2YBANKfTIauVRY7RiEL-eAz4ADKzNEdphB78T6APfPgaQZ2SR5d7n7CiBzIccm0wJFVrW6c_IFSxTB3FzSGcNjwPiVu8k4EAcV15cC0d8aWBqnTyafeoq7Eb_XPmHyETa_L7ZEwxBh2mjhpt2MXmx35ANiA0ZMj6vVXNN_ZnvfjsnsTcLjaFRkf-6aJYq-6az0aUxwqnqiqCQHxKNtFdDmyChzq4waP5LjQX3F7BBRi2HdG6t1r5-unA8VWqxKYb6no7lO_5ST14rH0-VGWhRtTOcmAivYiJmYYJN [36m302 [0m609.667 ms - 46[0m
[0mGET / [32m200 [0m1.457 ms - 43[0m
[0mGET / [32m200 [0m499.764 ms - 349[0m
[0mGET /logout [36m302 [0m358.417 ms - 56[0m
[0mGET /login [36m304 [0m348.411 ms - -[0m
[0mGET /loginfb [36m304 [0m348.780 ms - -[0m
[0mGET /auth/fb [36m302 [0m342.549 ms - 0[0m
[0mGET /auth/fb/cb?code=AQD8qnTFDVKmqxTDNfhd27WnX55RlclsWi27QWyxbIY6yLWm5ZdFep7wN-cYARn48xVqyGC-ewg9RWwG02fAZcOJ_LuI5LdK1LjJZCS2vuiyTvmyeJaB2hBLOrGxFzSZHmXOSo0YNJMFeoD3LUYA98FH1nam3PjrS8Xp1i460XeUXcEqdYNJAS93vmhASMuF-6t1hk04p1QWVUVPhPLOfPSR3ApR7D3xtijNYDbueWT3fytcfeXt_cDM3U-QMEPciJTTrEPuWrniNH4ppFh9rvMl_CZ5UK18X5VsFh14moLpKtitQHnyNoaqiF59uKrTbe7z9KQimKQhvHxo5bsvWGtk [36m302 [0m1008.238 ms - 46[0m
[0mGET / [32m200 [0m346.915 ms - 43[0m
[0mGET / [32m200 [0m373.884 ms - 349[0m
[0mGET /logout [36m302 [0m360.878 ms - 56[0m
[0mGET /login [36m304 [0m368.334 ms - -[0m
[0mGET /loginfb [36m304 [0m358.517 ms - -[0m
[0mGET /auth/fb [36m302 [0m425.415 ms - 0[0m
[0mGET /auth/fb/cb?code=AQBQ51pj8CyOroooi_2qVej2I-YTMRrMmyM1psutwBeSi9noxIEXh71pV15xAxX-QR2ZHkAr_drZH3AgGMBBDOZMG2m8ikPp5nGVUIHKEgYoJ1hot0_0ecpOoZoYddzv4MlXKHYG6ud0XuhUePPjPWjSYwEYhDeliFmj4dkPDd_dkPAZI2PceoWe8ppAX6LkjD-ghGiFEbyQInER74yeYtpB-jE17Ql0qG234Id2-COkgVU3k-1uIhc294jbJcirk6Cp4qGVekBHdR5A9wCedT0-ll9XnBJoPKkShpZgsFRMYb7aMxj7S8kNSV1ob2H9zQXljdk52f8HuZwr77kqahaP [36m302 [0m995.340 ms - 46[0m
[0mGET / [32m200 [0m356.329 ms - 43[0m
[0mGET / [32m200 [0m387.357 ms - 349[0m
[0mGET /logout [36m302 [0m370.475 ms - 56[0m
[0mGET /login [36m304 [0m356.366 ms - -[0m
[0mGET /loginfb [36m304 [0m423.222 ms - -[0m
[0mGET /auth/fb [36m302 [0m530.544 ms - 0[0m
[0mGET /auth/fb [36m302 [0m345.830 ms - 0[0m
[0mGET /login [0m- [0m- ms - -[0m
[0mGET /loginfb [0m- [0m- ms - -[0m
[0mGET /loginfb [0m- [0m- ms - -[0m
[0mGET /logout [36m302 [0m40465.950 ms - 56[0m
[0mGET /login [32m200 [0m359.021 ms - 495[0m
[0mGET /loginfb [32m200 [0m379.805 ms - 375[0m
[0mGET /auth/fb [36m302 [0m328.553 ms - 0[0m
[0mGET /auth/fb/cb?code=AQAFxPTW6T3z9pWuk5hMsM3da7njkmyOeySMqiGXHE7PsFlNnBhPi9X3zeIg6k8h59YDyhAqtOJfP9DZApR9DkNlZXd11F6c7ISWkcTzddcqQ5KVTLT5_CKZewoyZzvsgR6f3PLIY6sj7ofMEEssZ-pITZx2QmXoM5gZwngDGyZ3N3M83UdJ7cWLmklcHf0kdokigEoJ676BWoOUqF6l5XN8XUM9ziMB46zPH0jGzM2GGWoAhHik8i1geTnK03Ivxuyn9P_3OcmjCEw5CY4t7Oocekg7y_87EtI_Q-FVR2VFwHt7psMzrb66xglraBvF00YrZAcxVGtjJwmSRHAMkv9K [36m302 [0m974.696 ms - 46[0m
[0mGET / [32m200 [0m327.921 ms - 43[0m
[0mGET /logout [36m302 [0m371.699 ms - 56[0m
[0mGET /login [36m304 [0m366.862 ms - -[0m
[0mGET /loginfb [36m304 [0m326.896 ms - -[0m
[0mGET /auth/fb [36m302 [0m423.674 ms - 0[0m
[0mGET /auth/fb/cb?code=AQA7-ZqR0snGqKetxmWBWGL8j6-UEl9ZjznQ7vEwPLyKG17lRo2ax6JcLmw7dExPFKqJ_H1kHM0LGY41h7tvqvDJLBLJh_mmb_w3VBquOBsaKd0y0RzqyHHtSVvW6Hv7eLaPmydSsZ5AypZNa8-noyhNxjoYkSCz2tKiKSGYtJNZPo6tNBnXe47V3fqKzjMEshKf4eVRoK6J6aQqvBbH-l0_itCyNlrzZ6eps34nITw5VxcwfhPCg7sGfSFy4mrNb5vdMqUJizrvLSbrbOjpNAtK6qvJYUM5rgoQjg-NmtO_uX3EpTnB6t110ZRFk9Au11QtwIizOrL5QTlT6n_esQ6H [36m302 [0m1018.498 ms - 46[0m
[0mGET / [36m304 [0m335.334 ms - -[0m
[0mGET /logout [36m302 [0m383.304 ms - 56[0m
[0mGET /login [36m304 [0m359.465 ms - -[0m
[0mGET /loginfb [36m304 [0m366.877 ms - -[0m
[0mGET /auth/fb [36m302 [0m341.006 ms - 0[0m
[0mGET /auth/fb/cb?code=AQAiuzNrngNdoBV5rS22PYgfBBtbucbXYfnz7Pm9JtBbRxGBCJeVEwdYZLayz_e5W0N8JkrXDiqyyUIefwQ6RSjDL4OTVYQqtIxVy8IubdvWroTsi06zB2eMYwzcUXLWdcZNFBFkoUFLTnx6TzKY8kzZ2Z5esrJ9MNiP9Qji8Vj5v_8hBxBuBGrvoClYAo3dTwygq71gqYqhltCp47Ht8dOZPE_d5U5F1BXKRIEKHTLYXUCZCHEE564yUw6Uo1yvdFVJiK04uLiQHqKW24_2-R5w4J-hSjwQPJ-7DPHEVMHaYIoDNChBjLOutalccFjw-8JpVeYoiLkuWcCE1i7JXkc_ [36m302 [0m1034.435 ms - 46[0m
[0mGET / [36m304 [0m342.336 ms - -[0m
[0mGET /logout [36m302 [0m336.632 ms - 56[0m
[0mGET /login [36m304 [0m341.792 ms - -[0m
[0mPOST /login [36m302 [0m981.478 ms - 46[0m
[0mGET / [36m304 [0m377.469 ms - -[0m
[0mGET / [32m200 [0m342.418 ms - 349[0m
[0mGET /logout [36m302 [0m368.491 ms - 56[0m
[0mGET /login [32m200 [0m377.290 ms - 495[0m
[0mPOST /login [36m302 [0m778.369 ms - 46[0m
[0mGET / [32m200 [0m718.679 ms - 43[0m
[0mGET /logout [36m302 [0m710.809 ms - 56[0m
[0mGET /login [32m200 [0m362.359 ms - 495[0m
[0mGET /loginfb [36m304 [0m326.955 ms - -[0m
[0mGET /auth/fb [36m302 [0m362.238 ms - 0[0m
[0mGET /auth/fb/cb?code=AQB9vYT0cjmgXjpZIbroDh1b6V0GUx6gWWpl-Uudj_ioZx3eDUG11ctMhCjM4NYCqLf91VtP7-z2vgMdqmHu5QH08y98iP858LgyKxLV0EfIeVz9ndpo4JssyetapnOm360f9yl_EnBnoKZ7ZGpNqkr4OdyM71qDJqPZZ_-tw4mpzRvp56DIALJpjOUvh-Y2nEUQb8RjIQEcl3kAInDf5wm1TkvufHakfZupxny04jSoZr01FSbkaX_0TCot_rKDmQPejC0dr-qBBdnXMqWpJMLFhEqpaSgcaMpgmQBtCpQz-nVCF6jjPc-kY-Ppc2YSfpq_DlhigK4WzMRWilAFZLzx [36m302 [0m1056.197 ms - 46[0m
[0mGET / [36m304 [0m351.407 ms - -[0m
[0mGET /login [32m200 [0m39.057 ms - 495[0m
[0mGET /favicon.ico [33m404 [0m3.436 ms - 150[0m
[0mPOST /login [0m- [0m- ms - -[0m
[0mGET /login [36m304 [0m20.655 ms - -[0m
[0mPOST /login [36m302 [0m378.503 ms - 46[0m
[0mGET / [36m304 [0m672.207 ms - -[0m
[0mGET /logout [36m302 [0m726.337 ms - 56[0m
[0mGET /login [32m200 [0m351.787 ms - 495[0m
[0mGET /loginfb [36m304 [0m411.151 ms - -[0m
[0mGET /auth/fb [36m302 [0m371.408 ms - 0[0m
[0mGET /auth/fb/cb?code=AQDExlY0hIEIYdQ16CBHmkXwD2bsPsjnmO0X8cMV5ku4cbKIqj74k1HW5QEzDZYVYy2hq7gvulj--M6wqopYnFfXhK4PwQJdb6JXMOP22ZHHMICgelX2FhX5MxWycjFP6AJu4GBI5woVtAwxkQM7RXeWLARN4VTotD3ulXpIpr8DHDzrF0jByboGmnejQIOdN2p1MBl-d7_EP8zMDxnklnqGnPwFkRFLJnWGUcmge3pfXrxzk74pcM8YWYggo6q3cofdVPVW05EdoYXBQPn5NAud0qTqTyBU9KTzqq93v61hD8Tt8gg_fh2g4qvCwd020cRr2bHERGbwXFXIj5pqAO66 [36m302 [0m1029.858 ms - 46[0m
[0mGET / [36m304 [0m360.832 ms - -[0m
[0mGET /logout [36m302 [0m377.052 ms - 56[0m
[0mGET /login [36m304 [0m378.560 ms - -[0m
[0mGET /loginfb [36m304 [0m374.442 ms - -[0m
[0mGET /auth/fb [36m302 [0m387.872 ms - 0[0m
[0mGET /auth/fb/cb?code=AQDScdjjlSZpHyp5rhQHjSZNqBBkE4vk5uiqY1-K99oPGMRljH2FkiE-_SlLETiaRJbDysNP7aNifzVm6EET8eeKGXe6TNSdx24z4dzYJsq2O8DWjjk193NoXQ7U_qjAGIfwn74yFYYPRaJCIoSFLROv54ShNNHplDILSkfK_7-Pmk4NoGTL4lVLJqnAhC86r6BOFWUnCbWdhZ5UV4M7wyBx_qMQlnTiIBxJBpahVRONiTcaenu2h7hpE-53jWPR6pfHcXDP5naBxuTiaVJlNtl_0HkVGY_FSJj00mgjXbmmtm20V_qMk_iAMTnGnd1cHQlkUHMCuMXsFeO35enOU2DB [36m302 [0m1114.381 ms - 46[0m
[0mGET / [36m304 [0m377.698 ms - -[0m
[0mGET /logout [36m302 [0m352.270 ms - 56[0m
[0mGET /login [36m304 [0m342.161 ms - -[0m
[0mGET /loginfb [36m304 [0m348.306 ms - -[0m
[0mGET /auth/fb [36m302 [0m323.511 ms - 0[0m
[0mGET /auth/fb/cb?code=AQDdw7KN12sUOX-FPiytFStr6xYEalLYlXiweX7eZSS9Z_SMOPmQKbt3x3P3mI1wWK_BoJsM2olg5kdBfIIaI904MQPI6thP1VBQbY_kGRqkhkppuU2T6OkxnBOjnuq9NahcW6e6UoVmRdp7epdlUYH7dZ_rPHl_7wWTLNrLV2B_avGo-Vo39CrC8l-oLzgtAD_iW40euWMZGmnjaTNveWYRGG8jXgzwqPR_yY2BmstUUkmy4X1DOC95NcBHNsfLEI20WiF_OwiJ89gWsfJquflBRhbq4Z20llx3ugnDfYWmIDwmdYnzl1xDk8LXo_Tqq6X-MfL8ya9aCXq1-dBnevLX [36m302 [0m991.051 ms - 46[0m
[0mGET / [36m304 [0m386.969 ms - -[0m
[0mGET /logout [36m302 [0m382.536 ms - 56[0m
[0mGET /login [36m304 [0m383.387 ms - -[0m
[0mPOST /login [36m302 [0m778.549 ms - 46[0m
[0mGET / [36m304 [0m365.326 ms - -[0m
[0mGET /logout [36m302 [0m365.730 ms - 56[0m
[0mGET /login [32m200 [0m368.624 ms - 495[0m
[0mGET /loginfb [36m304 [0m349.479 ms - -[0m
[0mGET /auth/fb [36m302 [0m371.700 ms - 0[0m
[0mGET /auth/fb/cb?code=AQBxIcpiun41TXMWmROHB-JaIg_9sj7cW1X-ot88psnO0ryWmblnThN0qrwyHG2qMyyqhlZ6zxxPmxwWACeZ1jJ-t229nQrHZl4-BMIsqm7uyrplUrUZGFsDOFOSqB1DdMsdxTkYEvf-g5XQrwBCzyKH_IWZYv2TwR-VK3o_wKnHI53A2Z7AtXyEMQ9Mfu6W2zY6NzOV77mN74I7nqHB9Paeu2qogDHeocMt3luGsBZi1x22ywUbvOAJpjJs13ghSxomtV40kH8v3pzwMzETZvEFAJBTF2YivX_l-6oMxpSp2psDKRjS6fiIj7ec0Bi2VH1Vhkm8zq_KYhdXDlWmhSF7 [36m302 [0m1036.368 ms - 46[0m
[0mGET / [36m304 [0m370.145 ms - -[0m
[0mGET /logout [36m302 [0m15.878 ms - 56[0m
[0mGET /login [36m304 [0m18.482 ms - -[0m
[0mGET /loginfb [36m304 [0m2.263 ms - -[0m
[0mGET /auth/fb [36m302 [0m2.234 ms - 0[0m
[0mGET / [33m404 [0m364.143 ms - 183[0m
[0mGET /auth/fb/cb?code=AQDZcFvP3ppkbmu_Q3BpQVs_jG6laI4ElwCvO-48vr6VEEOH4iSpGS46MgOmEmM17HOuaIM-zkzUsDg5boPJLeGRpWM6Cj5NA31Xu4gTX-06hNe3LNVgpT8jKBA8kYARZ9R6-2XEpZZnXte8rgv0ar5CSkJdF6Na-NrWFpc3N8TIklYcxL29Z3DwJuynwi43UM9URtLzT7RBxrqxLQY7mxCS-26k1VAUFauBAJeteOhTgVbh6hC93AqC_g4duog5VdAr89mS1Ql5k266Ke1yhb5nD2Sqpuy08ZW7YctusA9hIwF0S2c6wG6HHfyh_mkXEz1jgP0U4QZv-KrP7l8yPgEK [36m302 [0m745.335 ms - 46[0m
[0mGET /login [36m304 [0m364.220 ms - -[0m
[0mGET /loginfb [36m304 [0m348.927 ms - -[0m
[0mGET /auth/fb [36m302 [0m340.942 ms - 0[0m
[0mGET /auth/fb/cb?code=AQAmSGR0kbwYir9qIX9P-j0JRhLqRxT746ZlFR28vrSDYcRYJOluIEUWzr72ZIk95F8Is9HdYwPgrDpRQVuaoNBnB3GRsimHlEGMDQfVBkiIjX9AuuDJiTpeyCHlKkUqapqNVRGZsdBBuU6YNUBTp5AYE-3CtV1DSgCA8Ex-OioMjQGQNUuZNTMi4yDuNPPB5-WbWXNAr4Flth-6HT8-Gh4W4plyg_sURw5G8O8BJ4t9c-zjx5-fubveBJlAS3l-U0EicP-Ft7G1Z8UYI8Z9Ht1WkReKGudJxMzTcLW9jOR_2UOYobMteLW6PqaFuM0Zt93FZoP64IOMe9S_OfCczLar [36m302 [0m1002.543 ms - 46[0m
[0mGET / [33m404 [0m346.226 ms - 183[0m
[0mGET /logout [36m302 [0m379.417 ms - 56[0m
[0mGET /login [36m304 [0m372.896 ms - -[0m
[0mGET /logout [36m302 [0m329.344 ms - 56[0m
[0mGET /login [36m304 [0m333.278 ms - -[0m
[0mGET /loginfb [36m304 [0m346.999 ms - -[0m
[0mGET /auth/fb [36m302 [0m331.005 ms - 0[0m
[0mGET /auth/fb/cb?code=AQAp3B5BE4AWkceSJ_XXVM35AMO_U3MCs9BrPbIb2Gpox44rSmWSeDiXCpxw8wUCoPBFkKh1Wdvn_ck2wGgz9Iupr8NtQvXv6Q-KmMgOJBo0sXBKbbLacRKoBJMAm6qGDXukZVJj2Vp3c73eHvNjO_mKlU3gITSvWkQwQDErMd66fSqLyQQAyzyB_wZSKbQ8vWpdLSP-x53j3KrBvDN1ZXf16xd659zhPVnVZrepjJ_JOXGuCLiEV5GA6alOwvwa8JvJ-EYSKk48XOYYpQXL1w793ngw3tX6FT0uzHa-QWrAXgDTVD3mV72EuPv0_MmVo0gmQsPWsFfH-CgSCi6st7Gk [36m302 [0m990.961 ms - 46[0m
[0mGET / [33m404 [0m373.199 ms - 183[0m
[0mGET /logout [33m404 [0m367.372 ms - 183[0m
[0mGET /logout [33m404 [0m322.433 ms - 183[0m
[0mGET /loginfb [36m304 [0m345.482 ms - -[0m
[0mGET /auth/fb [36m302 [0m319.280 ms - 0[0m
[0mGET /auth/fb/cb?code=AQD9Nc9HwT8HWEmLoVTIb7tyPDzKrdWWYBLCC5mugV50kwX9yU-fIBu7jW1r5WwRQMC7IBslVTfN2_0sWMXO0MzsGYjjSHqGDHHGKVcbZG87i6s7tRG6ow_BWq25AOZsRzAnbRbqMjYP6eyheNk_-WD5tf55ufim_dClA4JxTtcLr1qBpm5kfClUUTAMw5BhCIXdm_MrqWnP9xO_Y1dxEYr3tU97yMhtO9tw-D3aH5xvAh4QLqpU0WHimJlMH8pHk9U8twismOngzhMqHqDL3jXO7wSWt1w2iY94_gyMa3cFQDtpoZVbtExMAra4n80KcsFo24ScM8d8e874USJhdl-r [36m302 [0m1010.524 ms - 46[0m
[0mGET / [32m200 [0m660.200 ms - 43[0m
[0mGET /login [36m304 [0m382.816 ms - -[0m
[0mGET /loginfb [36m304 [0m362.182 ms - -[0m
[0mGET /auth/fb [36m302 [0m359.149 ms - 0[0m
[0mGET /auth/fb/cb?code=AQDtarp8dL5G6BLbEyDC_UHrn5NTkoh6TPefTFWWjimCm63TSVtgYFWOnbrIhCpAyknXkQRZRjfxj7ubCtXjB9ZYrySBqwYsxCvYu1b-PdpKemjbcHzHmvB5OQJgRHtxKFCx3OGu676foaO7_L4whDUkh3RMYfyhvDtTJhkrOvWXiyRV4NV8e99bMZFKupg6VuSOdGWX1IvNqcPnh5F8A0EQkSwi0dU1dOPYLsUYtkE_p5Rb6JFErdKzuiPu3aCEorToqm0URn1FSwg8egyMPCTjXbPizMlE6CgVrO5Bh-EhSD5T4i4InGGgelvbOOt37wUaiBf81bM_dLFZqFqrq_G6 [36m302 [0m1004.881 ms - 46[0m
[0mGET / [36m304 [0m700.978 ms - -[0m
[0mGET /loginfb [36m304 [0m362.268 ms - -[0m
[0mGET /auth/fb [36m302 [0m330.933 ms - 0[0m
[0mGET / [36m304 [0m707.696 ms - -[0m
[0mGET /auth/fb/cb?code=AQA_FarO4xO92X8f3mFjvvO-VcNPfB3Tixt_kw7dYNH5k6VFeWyeNlKDYdpe-dk7Dn65jJLtZ91Z_wXLejP5137g8CSaHUimPgk0RxH-QpePW3zI4vZVAwXUNS90zXqApMgXCkIUzQfrkVGjFICJY8-tXmZav9sLEz9vxYaK6SvK3PdJQ8mvZfkVYR7eszLYElyJ2k77OEh-Z43JkQODcK4ymd2ZLfKgHZwQrUYiluMXR1Sd43hBNu8EnaWdhnEElJGYm0sV7ZD3bEyLnV9bnsPUa0WlQyYOvlAD88cYt1NLvDSfwf32_k930YK3iQ74BaxUUkvSJdIifTJDscuC0n3v [36m302 [0m1014.360 ms - 46[0m
[0mGET /loginfb [36m304 [0m320.482 ms - -[0m
[0mGET /auth/fb [36m302 [0m352.935 ms - 0[0m
[0mGET /auth/fb/cb?code=AQBRyVT4PAkb4DlFFCJ9vBER7dKvh6MPz55QfrsLq1uP9MMl0NDBNaFFtuD7CfinLj46uG7xVWI5hPUte0LDnreltiF0DPuaktE85H1u12_00cnZyxC9z4ISPihm8TuPUf1VH2SpEDsE0UCln3uf-jV3BJ9T2bAItSQlcKboUXiixkuCEB-B1xeHe1YT60UgNBNTqdKyyt2EVCOpKiW21TCMxVqQmkE1LKC6wtFO79u_fncL20Q9i_rfEPWS1OjYi8WzHN4ZW3tZxhJ0pCO80icpITaXj4Bxuo3NZVuPRIgx0bP7uZaF-aAPPyEYIhc2Xczunvqwa8-e8dBrlquj2f9M [36m302 [0m1534.480 ms - 46[0m
[0mGET / [36m304 [0m299.910 ms - -[0m
[0mGET /logout [36m302 [0m300.735 ms - 56[0m
[0mGET /login [36m304 [0m300.386 ms - -[0m
[0mGET / [36m304 [0m364.794 ms - -[0m
[0mGET /logout [36m302 [0m368.364 ms - 56[0m
[0mGET /login [36m304 [0m367.437 ms - -[0m
[0mGET /login [32m200 [0m363.727 ms - 600[0m
[0mGET /auth/fb [36m302 [0m341.317 ms - 0[0m
[0mGET /auth/fb/cb?code=AQDe2HZ2LedhxivFkUZpKNGR4wXmUbRdUe30AYLSwLj8p5Yo4MwWKiZ_5xbriTxzP4inUx8T9SSR5qjThdU_RUmUdDvT1LFdgz47KdpqFaFOKsdOgQlz-jZEvCmlj9Hn1RQS3Au0fS2i2-aRmW_hEXtTW61iwTdi6VP60y98-jmkBP4B0ncMaP-Ze0jp09c7AeF_-M1OE3N_B3CoDLuIu3-sLKeSprayy-Gidj-2TF9W0XHU1Tupo-AitcG5ea16eXF7AskrukkiHJ3GM_7itcsdM58HbbsFCXClqShCiNpazvPGFzEljqKGOFdgENZJTYBztUECPunQkambMtYDiw-H [36m302 [0m1297.072 ms - 46[0m
[0mGET / [33m404 [0m2142.044 ms - -[0m
[0mGET / [33m404 [0m707.264 ms - 504[0m
[0mGET /login [36m304 [0m391.672 ms - -[0m
[0mGET /login [36m304 [0m309.234 ms - -[0m
[0mGET /auth/fb [36m302 [0m329.719 ms - 0[0m
[0mGET /auth/fb/cb?code=AQDQsGUfT8AvBkqTKaCgA356iAqrPFhKCKJ9hiictDB1ZA3d0sXU8bm9vU7kX7N4Du1pmFG2Pb4R0r0MTtG7PmKW3rPWHT40w-TLPv87qt70KbSr94hqFGC5gRehgmStK3ka3a50IeoqyzQCfTL_HHYBGQmWFXLX8a67QVeH9qx_NhqN2urk3LQuA6ProU6qxP8PTojyqB91GDgJz87x0XEDjm51ZD9hadR9osafImbJQqVubrCwuNgfMo1eEO9JWN5na9cWhUPnQh0QHOH-UinmpHUR9eXjmbc0yKpzmsqsEw6fQab6K2r9alkQXtjuspKoEFS5tplXBtxZJKWjwMCt [36m302 [0m1356.833 ms - 46[0m
[0mGET / [32m200 [0m666.781 ms - 43[0m
[0mGET / [32m200 [0m715.052 ms - 504[0m
[0mGET / [32m200 [0m708.064 ms - 363[0m
[0mGET /logout [36m302 [0m677.093 ms - 56[0m
[0mGET /login [36m304 [0m347.564 ms - -[0m
[0mGET / [36m302 [0m331.204 ms - 56[0m
[0mGET /login [36m304 [0m363.296 ms - -[0m
[0mGET /auth/fb [36m302 [0m348.154 ms - 0[0m
[0mGET / [36m302 [0m339.293 ms - 56[0m
[0mGET /auth/fb/cb?code=AQCecfdBHoUiMtdQChdhjilikdxF5NxrdgLwfQCx_vzCMziRehAbCCUmvmFkuyrPPO4mY4yJvUjze_YBn26nV2K4iIAfKzjXPDobdq9_mgzAhB6zvTd7qkvg8sLHEHrpmPd_iKzsEJ7ak7-1WiwU6j0GfbKUQ4EuCI5RWJxToeMGNP34rXFt0xglExhTBBX1xIaqlV-cqX_AWkMOcx68ZhkVum9uysUJXKC8g809gL5LvfXukeFhw5lSeGUSsKuJrkycYcAbsmbHHPkxD4bYj4u8de1Y7Mhl2W417pBsnrNqvlaRN61pZejsMIfkoNkFY9X4TQLwjA4f7gl66eyJR6Gx [36m302 [0m1345.512 ms - 46[0m
[0mGET /login [36m304 [0m689.120 ms - -[0m
[0mGET / [32m200 [0m668.144 ms - 43[0m
[0mGET / [32m200 [0m698.055 ms - 363[0m
[0mGET / [32m200 [0m692.070 ms - 363[0m
[0mGET / [32m200 [0m665.177 ms - 363[0m
[0mGET /auth/fb [36m302 [0m695.917 ms - 0[0m
[0mGET /auth/fb/cb?code=AQDOL6bxJYv0FE9CjWIS4zfAflhP_Y1GWsvYV6-IZIubpYt1Sld2Wyr8NhRuSCMLHrorkDBvahvTY2q1ahUpbvcMrouVhI1juHQJhkTVLw9LB77iRoN5z95MlLUdE_zSXMwHk6F8JZ9_fNEs9sa_3j9J-ZgZS8bM0kBDPN8ljdy5Gn8vDEydExp-B12W3zJzV6GivVojy_tNCg3wxRu9O4dA5mHsX1lxOrxNE3DKYEJflKtelT6u1Rkccm9Uz8ZMIQYpDBb6Wt2L7D0B7QddgqqhTPVLf8Y_tN1TND9D6yEngjfdPJsmbW-xXfPLiE1Qrs-dkggnIZ0DslxX5ekQKS_r [36m302 [0m1798.273 ms - 46[0m
[0mGET / [32m200 [0m661.065 ms - 363[0m
[0mGET /logout [36m302 [0m705.683 ms - 56[0m
[0mGET /login [36m304 [0m684.881 ms - -[0m
[0mGET /auth/fb [36m302 [0m351.306 ms - 0[0m
[0mGET / [36m302 [0m335.767 ms - 56[0m
[0mGET /auth/fb/cb?code=AQBkcxJNBvsTMpkDLUr0mFmVn3nb8H5WCxH7PI4ERWmx13YKiBpfQzYdGe7GFwudU3j3qq6ehKlWQlu3kYHCTMgc0syHOnUq7iY0QJM1KIHIgVvP-4ATzu_dMmrHFKx4d8NboQccQh4BydJfbTSn2AOKGPJVuu8AvOm7bjU_kLQUCUa47GtTlZtuiF8fh1sbq47JTLKJ6m5N_rT0nOXgI5bZ3wNIK2kY68-jJr-hqwCaJiX52kqOghh4pLrp8_pHveuPTovRK8ybv_oyFEjZG0V1bUcGntDu_CHoVd8UnsQxc-brbMKPKgDEs8ki5gLUeAx-fUtvqZaYXaGgXYlqu6VT [36m302 [0m1344.235 ms - 46[0m
[0mGET /login [36m304 [0m667.914 ms - -[0m
[0mGET /auth/fb [36m302 [0m699.759 ms - 0[0m
[0mGET /auth/fb/cb?code=AQAdv0KBNPesscDrEy-A_gxfW5Pl_NIJkp-PU-0D47hUg8hsb4BkKSpBUWBZ18vIdkv9N6465JMNs0xx0mD0ulas9xH1OK4tQdrLW-ylSF-myryLtr7qZxj7ILztOyiYzfTTkQV0NrWlRPqwVMV7FpOaNlKEgG1GXlG7Mg54qvdQM9yA3f-SmIlGnFSEQ9NB1wRde2FF2-EpbsRZyy5uhFw2vGRSqGblpnYSj7WX3FKUtxQAA9A70GIEHIG_iGO8E9tI4HRWeJ2LdhG1ZfIPca2LSQVBRiCuuH_DVRSdMgJVqYqWCdCx7Z_UCEjqpl6N02CFcc_3yimSYbaUy5HdnFMs [36m302 [0m1694.208 ms - 46[0m
[0mGET / [32m200 [0m690.363 ms - 43[0m
[0mGET / [32m200 [0m680.669 ms - 363[0m
[0mGET /logout [36m302 [0m704.000 ms - 56[0m
[0mGET /login [36m304 [0m366.448 ms - -[0m
[0mGET /auth/fb [36m302 [0m334.679 ms - 0[0m
[0mGET / [36m302 [0m345.169 ms - 56[0m
[0mGET /auth/fb/cb?code=AQAenp1wba2qpccNN3vP-UAHmEilPmQX98_IMz5FYV_1zeBVT9OjN_jOasJ0lhLo9HDbrjH8wQO_2342sud5cqldwQ8sJoRw6uvQSWptJku-MjGehOWrniU0AGvUF9WNZMzJSxuKhiQdKdsmW1M-rIpI3y83Mmo8cBlOsNr77OSL1SkMHQf_pz1h6tr1W_ymDomaYpUOoeiqNUasTLGNmK7AqSsIxOUn-4EARtgtdEVWIxgleYlQyfo8sblOCDe9dccpZyCdEbkMW0IkdWq6CFsqIsFYbrGqzvfv672sTA-0_RWZfOrjay0ohlSPkDCozfn1tw83mRt4j3HcMkatYjnS [36m302 [0m1370.585 ms - 46[0m
[0mGET /login [36m304 [0m691.143 ms - -[0m
[0mGET / [36m302 [0m350.895 ms - 56[0m
[0mGET /login [36m304 [0m332.459 ms - -[0m
[0mGET /auth/fb [36m302 [0m317.632 ms - 0[0m
[0mGET /auth/fb/cb?code=AQA9ceHW8nYOaE95ZFjDtJTVyq0VuQzT7lpR2OdeoFilgl9nD2TM5RiNvpDpJCZKf1yTZVu5Z-5peizYN_O26Ex3BaXh-1dfhl4bDh4n830US7kvDiXDo45jBMOs0UT3rs4xYR3gx3m496M_r9U2EMtrq-FthnbCp7s2wAwOAibc3Zk_kWo8OMI8ZAS-NGHouxnjzqHKtgaQ1_5ZDDywflmBlaJKyT8XMK0G5PBEM2JrOVMsrIHuHT4nKFIvpeRrcJUa3zToqI6L_zIbI8tYLQCTuFxuONxrzFCAV5QOOHW6KeNMcCSvGi_2RXEqOI700ob2t7IQz0BuHOLRd19zwvMu [36m302 [0m1763.467 ms - 46[0m
[0mGET / [32m200 [0m634.298 ms - 43[0m
[0mGET / [32m200 [0m639.336 ms - 363[0m
[0mGET /logout [36m302 [0m650.214 ms - 56[0m
[0mGET /login [36m304 [0m1811.431 ms - -[0m
[0mGET /auth/fb [36m302 [0m317.158 ms - 0[0m
[0mGET /auth/fb/cb?code=AQAk9h3ktialkN6GTOL93He7fuMhZqPg2mCOwke7hbCKFjFhocf9dWwFXUxjeDSGd_mWZU0mb9rsCe_JqVOAYbR1vYhwOrZI8pTL1pyBNlCdlLT4yQtTFQ8-Y_BmemSNJltj285Fo-NO9edEkEApreXXHFou4g_6trn42sP59DzhXPbYFM4K7VOecF_dDQcIxUH7v3TwiYvDXpXPwA9_Q2w9aV6myPpq09ubj_RdEBTbC35XResRYRhjJ8VW7mjZfLAFtyWIB7RSp7bep5aNJ3IVyfms9OWGCmO0qcXrRIx_U-J20yP2Ri8KHsF-DiqWjncc7ErV_GeH3iUq9QIr1mVD [36m302 [0m1284.225 ms - 46[0m
[0mGET / [32m200 [0m680.346 ms - 43[0m
[0mGET / [32m200 [0m652.564 ms - 363[0m
[0mGET / [0m- [0m- ms - -[0m
[0mGET / [0m- [0m- ms - -[0m
[0mGET /logout [0m- [0m- ms - -[0m
[0mGET / [0m- [0m- ms - -[0m
[0mGET /login [36m304 [0m13978.188 ms - -[0m
[0mGET / [36m302 [0m303.353 ms - 56[0m
[0mGET /login [36m304 [0m332.379 ms - -[0m
[0mGET /auth/fb [36m302 [0m345.123 ms - 0[0m
[0mGET /auth/fb/cb?code=AQA-swup1cuAGvm9FCuq5zn30820g5twev7TSEnsEXoS3tkWCfBCyn6GWwuFQIKd64_Hhpm-qrBSjNhcIzPpdMkoTuR4zvcJWxtoI9a-tkPQpG4ZDSuTE2qLat60I9kvJh-Ldb3JgXQuACRljnmQnoZGPFznjLdL6Fj6afkC2SGzw_naYb2VuNzIxN5bB2sp8SrODd2OJqDkkL3hB7Cel_H6QCIBuTbLGdLTQIuj56OtMOl9lTEPRNZGfdkhGxg0IZWG1rw8Y_PIkdZQZ6dgcKT_GW7vc3QBvJeKiusAVtfXOu9mIpoH5_q4qJJikOMqNUjiCJzSC-WPwzPxw7G3GZae [36m302 [0m1346.391 ms - 46[0m
[0mGET / [32m200 [0m632.165 ms - 43[0m
[0mGET / [32m200 [0m598.926 ms - 363[0m
[0mGET /logout [36m302 [0m635.080 ms - 56[0m
[0mGET /login [36m304 [0m316.045 ms - -[0m
[0mGET / [36m302 [0m296.203 ms - 56[0m
[0mPOST /login [36m302 [0m646.254 ms - 46[0m
[0mGET /login [32m200 [0m636.960 ms - 600[0m
[0mPOST /login [36m302 [0m954.068 ms - 46[0m
[0mGET / [32m200 [0m598.574 ms - 43[0m
[0mGET / [36m302 [0m338.524 ms - 56[0m
[0mGET /login [32m200 [0m310.716 ms - 600[0m
[0mPOST /login [36m302 [0m663.343 ms - 46[0m
[0mGET / [32m200 [0m595.842 ms - 358[0m
[0mGET /logout [36m302 [0m625.109 ms - 56[0m
[0mGET /login [32m200 [0m301.291 ms - 600[0m
[0mGET /auth/fb [36m302 [0m329.512 ms - 0[0m
[0mGET /auth/fb/cb?code=AQCGG9zL7EgYgbVB7ouhGiXjs_f5SnVv0lrtFlOD5VPBih1YjDKhAdGzZ7XMQIMvH9VHyYFkrAvk5HqXYnbyetcYdTOqdkO2hUWmIPfq49_lGYOSBLwt_yA6PgUkTLtH5dUw4c09y0wp9qURC031Rs8h6Xcc_rD5Yhiz_tZ--_yZHryGdZ_QcdQ2PlVQf2qSnXgMkTf2kq0_ZxlZ_RFToJNK3mTxurN0gFvg5ajIbeB7Fi-nzxzszIi3hgl7CHQewdAOfbmyZFDpzp6-zR5b3mkxguO5BatQr7HJs2Oz8vCI_4CvYjOc_yLD8zmOQfXqOWF4ntEw35irEmdbNWAokTCs [36m302 [0m1241.981 ms - 46[0m
[0mGET / [36m302 [0m303.785 ms - 56[0m
[0mGET /login [36m304 [0m605.026 ms - -[0m
[0mGET / [32m200 [0m624.361 ms - 363[0m
[0mGET /logout [36m302 [0m621.655 ms - 56[0m
[0mGET /login [36m304 [0m294.702 ms - -[0m
[0mGET /auth/fb [36m302 [0m319.468 ms - 0[0m
[0mGET /auth/fb/cb?code=AQALS2MdK4y6aUjXOBDNX1VQaEXuM2Y-aGYJaAF0wmpsrQCVwBaHmMBrIBsjfYkh8O4QaTIPMrrJDRGzVKV4YskI2IIlpYNOrKhfRxnyOfQnumnC-yIh2iV1Y6wfJ0qKPcUTqNwa1EQEHrFN6eRQDcqexQU1t9r8p9VE5p3u3LxJC1655WYU2AV9qsdefBgpgL8GXAx3QZIPwhyBxkywwiMZ8fnMN-THCOwiBZGiMNdxcfvILrq6X5UVDOuGdDXKojTvCiaNkRywPo1SxLSOywUyw_HM_JmD_CDtOM2Sfz_hyZocKS1LorkxxknQ4mozDDBlk0nRRFQw4KloyIx9hvtg [36m302 [0m1224.810 ms - 46[0m
[0mGET / [36m304 [0m2061.206 ms - -[0m
[0mGET /logout [36m302 [0m621.628 ms - 56[0m
[0mGET /login [36m304 [0m659.571 ms - -[0m
[0mPOST /login [36m302 [0m625.557 ms - 46[0m
[0mGET / [32m200 [0m639.115 ms - 358[0m
[0mGET /logout [36m302 [0m651.638 ms - 56[0m
[0mGET /login [32m200 [0m320.268 ms - 600[0m
[0mGET /auth/fb [36m302 [0m299.632 ms - 0[0m
[0mGET /auth/fb/cb?code=AQDsT8wixNF1ZmVE2eaUEkuBtgsHFCqdjC2CdWJBZtLC7XrZU6hpXbYSeuCyDKfrubHVoVsyS6qni0QES0STJME_ZoFlTGv2kSWIzlINfC5if_3Xaxo5oFA1gC8UeNaZEA7vzzML-3NcQGdxrDM8hAtYHAX5eh_hcSPFCCB8oMKW0hoArzYCo217sp6iXCjsIMMXJUMnUi105UY9bQoOSXCC1jlQUNgFmOLREl4cCcLTymFedtw7RZGEZBtkOJZ-3vJMguRqiucPwBqOVsgNlGzM5jT2c5Hw03F4GRxamof3JdhZlPFCZ_q_oUv3m-k8_pxrJ5XpSn5kU85X8WFCRq6Y [36m302 [0m1249.693 ms - 46[0m
[0mGET / [36m302 [0m316.701 ms - 56[0m
[0mGET /login [36m304 [0m614.709 ms - -[0m
[0mGET / [32m200 [0m620.143 ms - 363[0m
[0mGET /logout [36m302 [0m591.162 ms - 56[0m
[0mGET /login [36m304 [0m615.554 ms - -[0m
[0mPOST /login [36m302 [0m631.981 ms - 46[0m
[0mGET / [32m200 [0m616.028 ms - 358[0m
[0mGET /logout [36m302 [0m619.530 ms - 56[0m
[0mGET /login [32m200 [0m617.587 ms - 600[0m
[0mGET /auth/fb [36m302 [0m324.173 ms - 0[0m
[0mGET /auth/fb/cb?code=AQAO9WmyTLYwlP70xS9VuN4P5dzebWI53V0y8dSVNUbDBDdkg9V2xD8-eUyXlQUv4v7Sinxgrb4PX860LZWLPqlqmu_uM397_Gykj9vlGpActqOcdoXsdISslL8l-RcBicnDKseov-0CR64694Xxm4ssG_AD0SwTW0H9wwBUQdCDLDWeNWsA4pWNzIE0ergDhFudNyXgqquew7bupeyhXvdtFTA8X6uI_K_a0vHvsMGmc0Mgy_ATmf7knzepyscZZecd10wzQlcAsK_M388dnd5ddYpOD_5usNO5VzSMFvUcj4Lr3204g_ZgFAR00Ds4yBDJyMOv2jQRBBZr831g7zRD [36m302 [0m1216.827 ms - 46[0m
[0mGET / [32m200 [0m614.319 ms - 363[0m
[0mGET /logout [36m302 [0m611.786 ms - 56[0m
[0mGET /login [36m304 [0m318.052 ms - -[0m
[0mGET / [36m302 [0m295.255 ms - 56[0m
[0mPOST /login [36m302 [0m624.512 ms - 46[0m
[0mGET /login [32m200 [0m646.514 ms - 600[0m
[0mPOST /login [36m302 [0m973.200 ms - 46[0m
[0mGET / [32m200 [0m617.323 ms - 358[0m
[0mGET /logout [36m302 [0m626.471 ms - 56[0m
[0mGET /login [32m200 [0m641.009 ms - 600[0m
[0mGET /auth/fb [36m302 [0m331.375 ms - 0[0m
[0mGET /auth/fb/cb?code=AQADoh25aI2w3ni0EI_WjdR1kbkifec1Z_uatpV9Dnl6JbKIdMXEeGd_Et1mfu5aXUdJL7l5pEMo5-BAIdRx8cWxnaScGGIkpg6HShP_lTBV6z2TZAFFWojdmBxuCcq2XQCRVe62DtZ4Ghbvcao3phdgyW-6T7A-sl0vWVmHkyPN5if_A_qy7km4oxt6WHSdkNFNMyJPnX44idmHPE77TaHIjy1esKwCWqA5ih1GKFszsPZYYTbtbkvzcSZB3O6JkA2R4WDQQeZPukUySTKJYmkVdmQHkiz8-W8k_W-In5QtKHsM9JP8AYDmiCpdhrlPh__1BWIxhvGdJ62s-KYGqEmr [36m302 [0m1253.743 ms - 46[0m
[0mGET / [32m200 [0m635.387 ms - 363[0m
[0mGET /logout [36m302 [0m639.727 ms - 56[0m
[0mGET /login [36m304 [0m319.172 ms - -[0m
[0mPOST /login [36m302 [0m636.236 ms - 46[0m
[0mGET / [36m302 [0m331.308 ms - 56[0m
[0mGET /login [32m200 [0m610.612 ms - 600[0m
[0mPOST /login [36m302 [0m951.168 ms - 56[0m
[0mGET /login [32m200 [0m610.323 ms - 600[0m
[0mPOST /login [36m302 [0m640.624 ms - 56[0m
[0mGET /login [32m200 [0m295.534 ms - 600[0m
[0mGET / [36m302 [0m309.068 ms - 56[0m
[0mGET /login [36m304 [0m317.711 ms - -[0m
[0mGET /auth/fb [36m302 [0m304.046 ms - 0[0m
[0mGET /auth/fb/cb?code=AQDPo8DDau2bN1OUgCyIKv-7oIor_nbfrE0CZvr0HszfUV_gz5f28JU_F-Ar3PmW0bRzgkqJbgMDiK5nIHVC-WlCOZ-VGCuiJl9zp5SiWcNwJxSgqO_Fb0McxG8IvVBcz6ASzAKqHdAn9tFRMvLzVSUXvUS5VmU6koGBRdKu8x_yq2bGUB1JjQovenXG_cRsE1NX36qAUlQgD_cx2porowIWhQ5T1aSfyHRnABwbC4YGvEECi38Ap4NoKEbFCeUgLDfKLRhO0PMv4meOWeQ1w64DKyio-KGBklEect1gz29iuEJC4Y2mMxE5em_A_1sd2YQaPf455CLY0-kHzNCsF6G9 [36m302 [0m1227.232 ms - 46[0m
[0mGET / [36m302 [0m301.756 ms - 56[0m
[0mGET /login [36m304 [0m593.986 ms - -[0m
[0mGET / [32m200 [0m638.029 ms - 363[0m
[0mGET /logout [36m302 [0m614.943 ms - 56[0m
[0mGET /login [36m304 [0m587.136 ms - -[0m
[0mGET /auth/fb [36m302 [0m315.898 ms - 0[0m
[0mGET /auth/fb/cb?code=AQCnwsSN6nBrxLAinDUI0FqxQCLr_FrHSq7g9Ac4myVQaB_5fOgXY-bJdYCcFOoiOY1DFTHzAwOPeiBa99ZJQtC5wI8n2jqni9vy_WngEbqWU6qFXF-8dj4H71DGMOAUgxmu3jtmEFd0vJX3QZ3jZ5553Nf21hwQkOPRoQdx43n9uNuaMbh893_58Ef9oGq8aNFOGRujcBPcODLF6r4Wzd8_f2pwjqLEnSpW8-eKYmvY9yCDW3kuGmXww9rQZlCC4JuT9sANkFzmqRd-BoluKwekGkHpG8eNLLE7FI5XwemztoLdnDxVxIEG5MZme-4ErSnlA6vD1N9FIGOrcpTZBIY8 [36m302 [0m1189.959 ms - 46[0m
[0mGET / [36m304 [0m583.566 ms - -[0m
[0mGET /logout [36m302 [0m618.039 ms - 56[0m
[0mGET /login [36m304 [0m315.624 ms - -[0m
[0mGET / [36m302 [0m320.039 ms - 56[0m
[0mGET /login [36m304 [0m310.218 ms - -[0m
[0mGET /login [36m304 [0m302.362 ms - -[0m
[0mGET /auth/fb [36m302 [0m293.306 ms - 0[0m
[0mGET / [36m302 [0m292.065 ms - 56[0m
[0mGET /auth/fb/cb?code=AQC-biJ4e4K3JRK0U7DRLM4PxlFQlr7VBBj0nTR9lUNX9mfpAALMB4fUAamg2Gtymfb9ZsgukT1JBXhgOxW3R2DpYo8BgLDpCPFGu-iBYdFPYiw8GRVgqMySXhBKMJxpZdhHhfkr4P3_42zLWVFbfwiHnoboR_OGBdU8OZxqQ4DGkRDf0tYuYZHsDtanAQmvEKKjMzEFeotoV_9ZSpujnrfGZF1Rx64ggLgkoD-1NN7UtBvJFyPig16ZixLSq5RPcuvWqPgpTZ14y2VIlg38tqR4FXW1228OmsAKnRu43Lll8eUbAjUg7LuxhRfTS45tldjYUKzi2M6PJwMCv6x30rH3 [36m302 [0m1276.978 ms - 46[0m
[0mGET /login [36m304 [0m594.818 ms - -[0m
[0mGET /l [33m404 [0m313.249 ms - 140[0m
[0mGET / [36m302 [0m323.241 ms - 56[0m
[0mGET /login [36m304 [0m305.810 ms - -[0m
[0mGET /auth/fb [36m302 [0m320.977 ms - 0[0m
[0mGET /auth/fb/cb?code=AQCGvA29kQ8JMsxOxoKvli78j2gX5jwQk_2D5BnXxvyNNkEZBUfjsd0huca93EDnisWn7kGfHReULugJ94bqisGtL5mQkHvvTBBG9AWrgVI_lcNXcP6Onu5hgeoinjwWSAZlKtB4V5ZLMw2VEpK17nj37KcLffU0MvxmzJMShJCmJl7rvZpEsJNKi1g-S-FNk6uX6afuLWZdHbNJul41cFnO-PSY8eIofBNmYcAF-xqzobq9kEaCw1BnAqm7PCUbeeYsq0bM8p2IivoOicXD0PduHDpfQgmiRLjNRGlfs0HVbSEWUR1RHOkcSyj-VRoWUGX5LA_FAXgdZYF_ieD08HID [36m302 [0m1309.934 ms - 46[0m
[0mGET / [32m200 [0m2660.121 ms - 363[0m
[0mGET /logout [36m302 [0m620.713 ms - 56[0m
[0mGET /login [36m304 [0m321.195 ms - -[0m
[0mPOST /login [36m302 [0m651.505 ms - 46[0m
[0mGET / [32m200 [0m615.766 ms - 358[0m
[0mGET /logout [36m302 [0m617.985 ms - 56[0m
[0mGET /login [32m200 [0m318.182 ms - 600[0m
[0mGET /auth/fb [36m302 [0m322.755 ms - 0[0m
[0mGET / [36m302 [0m296.163 ms - 56[0m
[0mGET /auth/fb/cb?code=AQDDN_qifoeu9bBxORh0wgv8CA-0nuIwyoihpStzVooIGQJ_J08BhpJN5EL_ZMBfrhde-aMFZzpsEcfuZeWP2WMf3i0iRSp48SDTowryiwiX2LqehYriys-ypsxBh8mUXCVHcrZU5bspcua3jfEdCopu92sX3CN44xyY04PVFntGDKa3aRxZ-qg1IZbz4WCre9vqjHj4E6tUW6JXhRbRKf_RcEJZ8XhVTI_V7c0nWsmimANjJ3kPpj34uP5t22_ocO7Xa5B_nuv4KtAPL7WMrmmRWgHojZMBffs-N5ErUz6KC-vVqL5fcFv5SMlnBwE0zJWQYIVEA-pX8wxhME5EY86u [36m302 [0m1230.178 ms - 46[0m
[0mGET /login [36m304 [0m634.740 ms - -[0m
[0mGET / [36m302 [0m333.581 ms - 56[0m
[0mGET /login [36m304 [0m311.534 ms - -[0m
[0mGET /auth/fb [36m302 [0m321.746 ms - 0[0m
[0mGET /auth/fb/cb?code=AQD7ihfIexdJwUNml2ceDuCp33KSagVKP0vWgoKQRFLqaIxt9TXDCi1zxMELDoruGx-nCTykvTQfX31KOZx1t0M-nLdxDWjsEEwfMB5owaPP4m3DrFGIBlQMcuNiksr-NaZUFVs_KvjZOI066FpVqWY-mM9ezY-EKLVtTTvqEqc6XZLs5OLYbHQAZa_NoA3ISqCZgN5YcMGfrQoUkhvlpZykDu3CDk09c3f367l3visc2g00YvapliYfeHLCVm8eAOA3ZjiuvUMRGuhA7jX4fE3-HvvQdIgdPS0LX3RZ_T1ngJl93ZITlBPHTF2ryGcTpRRZ01xPAPkMKBNNR2i4hB7D [36m302 [0m1283.159 ms - 46[0m
[0mGET / [32m200 [0m619.510 ms - 363[0m
[0mGET /logout [36m302 [0m303.185 ms - 56[0m
[0mGET /login [36m304 [0m300.525 ms - -[0m
[0mGET /login [36m304 [0m339.037 ms - -[0m
[0mGET /auth/fb [36m302 [0m305.897 ms - 0[0m
[0mGET / [36m302 [0m304.535 ms - 56[0m
[0mGET /auth/fb/cb?code=AQBFzU0nolPjC9hvHc7MVKVTJ67WwM-zYO1iIAX2aQzs9cKxa-b6mFyMyC8ar5snQBv8zUJgNe8axpN9efu9wZ-nAHCCiyS_NnvLzukwCXnA0ahGIsh5fdmYGcyvNc7Otl85weHKIydhrBdkGXTi4Dm5-07a4sFizL0Y7wh7SSIRgVqGuEIhy9P1dJT4HR2_zHX7tEMNQmcr-eGrAJSZi1u167ikQbRmL5vfnQ7hKMesze1LtqzO3e8iv9M6CJygkD5ZF1b-8LUeLalHU_FJLwZwYhCJBpb_ZnPkq-zq1_OiMc2ysKC5TuuNurLbERYQObnvafbnm36bvv_Xn7ixKHOy [36m302 [0m1310.422 ms - 46[0m
[0mGET /login [36m304 [0m608.190 ms - -[0m
[0mGET / [32m200 [0m623.566 ms - 363[0m
[0mGET /logout [36m302 [0m611.834 ms - 56[0m
[0mGET /login [36m304 [0m610.718 ms - -[0m
[0mGET /auth/fb [36m302 [0m304.132 ms - 0[0m
[0mGET / [36m302 [0m302.856 ms - 56[0m
[0mGET /auth/fb/cb?code=AQAVRwaGqOkGXlvyihlyp32WfQ_gOUpsQAp5YFJQ_OKJM3RyZg0zq21tgpCfD0tL-mkv6s3Itp1xu8EwPtiF4xI_pHI07Rx5FsfxEn_SA_a32q1Mv1WhjVr_oscO_zpWqThFszY4QRqpe4U7U3MHeSaSHPJLr54yS4Ww57vEWOc-46UNcmyK3dXddkIHFNAQQeJTdi8ky3EdNXDQPF3-7wGX7zxHE2x4mQeFOjrL-2igT3YzfdoVAYzIwkUPTDh-ql_WZPd85ZpyMws3QXJhwY0mW2peqwQKBgkJDAEVxvqBo6AeJFBl3QXi9YbRVDbuHiTVscH_d4JAbTxGUqLFLyRW [36m302 [0m1200.217 ms - 46[0m
[0mGET /login [36m304 [0m612.791 ms - -[0m
[0mGET / [32m200 [0m609.930 ms - 363[0m
[0mGET /logout [36m302 [0m616.842 ms - 56[0m
[0mGET /login [36m304 [0m316.227 ms - -[0m
[0mGET /auth/fb [36m302 [0m306.425 ms - 0[0m
[0mGET / [36m302 [0m301.913 ms - 56[0m
[0mGET /auth/fb/cb?code=AQDqn6V8IyCi3fHzdny5Ti66HrWruz7_hfAUGmxgD_-kBYJoHRRCH0tbh8cYQW0zEkhGxw0-hbeoH-M7K3SYurZRX-qI9zz-5y0jTjU20zI_GTDZuv0tNJxq96daD66oHXxA46zpe2bRZYMuzkxQam2y7CUmaUBlWdOU0w8xKlo_Y2R2C-2WdRS9AqN-xUu9Pyl8XoeU1Zivhm9zrs7lAlBBQjo5QEm6wVbOS-UfTjxDZN-uHyVI3MUlORvwwQZfSMOH9u3MukBv_nqBdWDE5f8H1C2_djdQCWPQvzZfA0qJybXDWWdpu5Ft7jeXJRVCc_-5a4uuc2vEqNWvfKpHIZRr [36m302 [0m1238.201 ms - 46[0m
[0mGET /login [36m304 [0m608.211 ms - -[0m
[0mGET / [32m200 [0m630.743 ms - 363[0m
[0mGET /logout [36m302 [0m629.012 ms - 56[0m
[0mGET /login [36m304 [0m318.752 ms - -[0m
[0mGET /auth/fb [36m302 [0m303.646 ms - 0[0m
[0mGET / [36m302 [0m306.193 ms - 56[0m
[0mGET /auth/fb/cb?code=AQAVk8t6Mi4R7DjrRaMdL-Gy7MUJ2JsxBXf_KX75u2oBcMdfH_sMtTwXBA_8OskJrVA4pCmM6iea30M5CxLRhI8RILiDovxiMHwC1W0BTSip8FGK0zMH4VJDKtVFAWdbKDYn_xh2HpD9qx2kWF9kgAdWTBOY8_A_uwdyk7godzRybqgThmPVhX-mpO79Brr2tvYftf80EMapgERJoWqibwAPEvBveKR8OVoK9wbykJd-OdWOKvNyDrqqisgmBngY--w4KQ060p_b3DvNX3w2Ss6PlZsVFGKDsqQPn8M5Gfl5Z6OvqaPiYzEbtrnnYUPeebBhBpS5VG9agjPiun6tS7mi [36m302 [0m1268.034 ms - 46[0m
[0mGET /login [36m304 [0m607.784 ms - -[0m
[0mGET / [32m200 [0m618.539 ms - 363[0m
[0mGET /logout [36m302 [0m608.032 ms - 56[0m
[0mGET /login [36m304 [0m314.187 ms - -[0m
[0mPOST /login [36m302 [0m646.860 ms - 46[0m
[0mGET / [32m200 [0m628.534 ms - 358[0m
[0mGET /logout [36m302 [0m621.313 ms - 56[0m
[0mGET /login [32m200 [0m316.323 ms - 600[0m
[0mGET /auth/fb [36m302 [0m302.974 ms - 0[0m
[0mGET / [36m302 [0m304.650 ms - 56[0m
[0mGET /auth/fb/cb?code=AQDIRt6UvIHLWzz4sQ7ehioDyXaL2oT87DvhVVHn1HoqWRG5CfU1RgRn-1QJ_gsti5SOETpwrMaCrS3rmgIuFzTyadA2Jg_owIsIjEPRwdfwA5mI0hDTbxjmTq8fXKV-7OyWJpIZRZyG7wcuyaYW_5HWnmMbclx-r7NIrLHt6xV-tkYQAlOUrpiVJlhsv9nTOGFKu8ItdRlEC1IxzOXOSBOtqDOczm1KkphL-oDnhFG5nWUhXhMCJ37n7Zg8H3iQxJ0-Ex5YTnvXpnFyu9gBw7A8gSKK5gqp1WkaMQOAiH6sLD0fygicNMVclXgif0ppZqyz40MTzdWZ33o-x9iibMHI [36m302 [0m1224.636 ms - 46[0m
[0mGET /login [36m304 [0m614.297 ms - -[0m
[0mGET / [36m302 [0m1.678 ms - 56[0m
[0mGET /login [32m200 [0m1.780 ms - 600[0m
[0mGET /favicon.ico [33m404 [0m1.497 ms - 150[0m
[0mGET /favicon.ico [33m404 [0m0.840 ms - 150[0m
[0mGET /auth/fb [36m302 [0m0.573 ms - 0[0m
[0mGET /auth/fb/cb?code=AQCz4Ow3Li13UlWDWnwUQICtx_LFwyA51HJ_zJ1a0RB5nUQOeWlq21-LJUr5E1dAvJPzFBcW788hm_IdaHXr5gvXxK6BhLIyoN53BuF59cKhf8Yk8FWt7mZsVCiapSIpyKNrsm0-0h-GgsKftn4svBhpQ-zL6HDus9-jlATfcBIYZFuAqjTo-b9L3vS-O9U0GegojVX3Ewzok87lSqC8NfT1a6ABRPa8H0ppOcJi9kDdVqKB97q7PEX8rXPaijaabl3yd-Pli9N3LF09QKSFgqTW7W4Ka37lz4kqwkhVdta3DL3CPGRBgyj2Mjv6oRN6xjkx997ahzFNkhVLKKcjRJBt [36m302 [0m947.272 ms - 46[0m
[0mGET / [32m200 [0m621.710 ms - 363[0m
[0mGET /logout [36m302 [0m619.205 ms - 56[0m
[0mGET /login [36m304 [0m314.923 ms - -[0m
[0mGET / [36m302 [0m316.233 ms - 56[0m
[0mGET /login [36m304 [0m305.731 ms - -[0m
[0mGET /logout [36m302 [0m933.909 ms - 56[0m
[0mGET /login [36m304 [0m305.358 ms - -[0m
[0mGET /auth/fb [36m302 [0m301.009 ms - 0[0m
[0mGET /auth/fb/cb?code=AQAT5UPM1JqWu5SDM0w3np_iZVCTfZxGkENYf-CtDLsjF9N0AgKhI6fcMDK2ddn3RYAkO13QNZgTwTtrIbPu8ZA52BEtKaxNLe0vZzFR7XdrhkpBEMofcMSEt_cCvslm5GP71kyMTf-ZD-nHMNXW1MPAmIEaiXK-lYeRFASPDYBikoiu_qGGdwgOW3dgpwDgAF8K2cvISxM4_9Y_s632aele46_HljDcyrV_DHG6dbp0uN02KVgH91GevWFANX7oY0z0MIAeGKxg4fKIldsQ-fPs4BxY1Oepxd4Tf89JZiZynYcvS_LhJUsHo002kxQhw4m1Sk2sEkshlfU8vnERhCVz [36m302 [0m1209.740 ms - 46[0m
[0mGET / [32m200 [0m604.686 ms - 363[0m
